2017-08-18 11:20:53 trace :
------------
String:
<xml><ToUserName><![CDATA[gh_272635033f26]]></ToUserName>
<FromUserName><![CDATA[oFxpOw8a8rL-5660XlkIwboiTkQ0]]></FromUserName>
<CreateTime>1503026463</CreateTime>
<MsgType><![CDATA[event]]></MsgType>
<Event><![CDATA[subscribe]]></Event>
<EventKey><![CDATA[]]></EventKey>
</xml>

2017-08-18 11:20:53 params :
------------
String:
array (
  'rule' => -2,
  'module' => '',
  'message' => 
  array (
    'tousername' => 'gh_272635033f26',
    'fromusername' => 'oFxpOw8a8rL-5660XlkIwboiTkQ0',
    'createtime' => '1503026463',
    'msgtype' => 'event',
    'event' => 'subscribe',
    'eventkey' => '',
    'from' => 'oFxpOw8a8rL-5660XlkIwboiTkQ0',
    'to' => 'gh_272635033f26',
    'time' => '1503026463',
    'type' => 'text',
    'redirection' => true,
    'source' => 'subscribe',
  ),
)

2017-08-18 11:20:53 response :
------------

2017-08-18 11:21:08 trace :
------------
String:
<xml><ToUserName><![CDATA[gh_272635033f26]]></ToUserName>
<FromUserName><![CDATA[oFxpOw8a8rL-5660XlkIwboiTkQ0]]></FromUserName>
<CreateTime>1503026478</CreateTime>
<MsgType><![CDATA[event]]></MsgType>
<Event><![CDATA[VIEW]]></Event>
<EventKey><![CDATA[http://wx.aiwangsports.com/app/index.php?i=2&c=entry&do=ranking&m=awt_enroll]]></EventKey>
<MenuId>465655273</MenuId>
</xml>

2017-08-18 11:21:08 params :
------------
String:
array (
  'rule' => -2,
  'module' => '',
  'message' => 
  array (
    'tousername' => 'gh_272635033f26',
    'fromusername' => 'oFxpOw8a8rL-5660XlkIwboiTkQ0',
    'createtime' => '1503026478',
    'msgtype' => 'event',
    'event' => 'VIEW',
    'eventkey' => 'http://wx.aiwangsports.com/app/index.php?i=2&c=entry&do=ranking&m=awt_enroll',
    'menuid' => '465655273',
    'from' => 'oFxpOw8a8rL-5660XlkIwboiTkQ0',
    'to' => 'gh_272635033f26',
    'time' => '1503026478',
    'type' => 'text',
    'content' => 'http://wx.aiwangsports.com/app/index.php?i=2&c=entry&do=ranking&m=awt_enroll',
    'redirection' => true,
    'source' => 'VIEW',
  ),
)

2017-08-18 11:21:08 response :
------------

2017-08-18 11:21:21 trace :
------------
String:
<xml><ToUserName><![CDATA[gh_272635033f26]]></ToUserName>
<FromUserName><![CDATA[oFxpOw8a8rL-5660XlkIwboiTkQ0]]></FromUserName>
<CreateTime>1503026491</CreateTime>
<MsgType><![CDATA[event]]></MsgType>
<Event><![CDATA[VIEW]]></Event>
<EventKey><![CDATA[http://wx.aiwangsports.com/app/index.php?i=2&c=entry&do=member&m=awt_enroll]]></EventKey>
<MenuId>465655273</MenuId>
</xml>

2017-08-18 11:21:21 params :
------------
String:
array (
  'rule' => -2,
  'module' => '',
  'message' => 
  array (
    'tousername' => 'gh_272635033f26',
    'fromusername' => 'oFxpOw8a8rL-5660XlkIwboiTkQ0',
    'createtime' => '1503026491',
    'msgtype' => 'event',
    'event' => 'VIEW',
    'eventkey' => 'http://wx.aiwangsports.com/app/index.php?i=2&c=entry&do=member&m=awt_enroll',
    'menuid' => '465655273',
    'from' => 'oFxpOw8a8rL-5660XlkIwboiTkQ0',
    'to' => 'gh_272635033f26',
    'time' => '1503026491',
    'type' => 'text',
    'content' => 'http://wx.aiwangsports.com/app/index.php?i=2&c=entry&do=member&m=awt_enroll',
    'redirection' => true,
    'source' => 'VIEW',
  ),
)

2017-08-18 11:21:21 response :
------------

2017-08-18 17:45:40 trace :
------------
String:
<xml><ToUserName><![CDATA[gh_272635033f26]]></ToUserName>
<FromUserName><![CDATA[oFxpOw7Ms5PEWDZoNa2xV7amljxU]]></FromUserName>
<CreateTime>1503049550</CreateTime>
<MsgType><![CDATA[event]]></MsgType>
<Event><![CDATA[VIEW]]></Event>
<EventKey><![CDATA[http://wx.aiwangsports.com/app/index.php?i=2&c=entry&do=enroll&m=awt_enroll]]></EventKey>
<MenuId>465655273</MenuId>
</xml>

2017-08-18 17:45:40 params :
------------
String:
array (
  'rule' => -2,
  'module' => '',
  'message' => 
  array (
    'tousername' => 'gh_272635033f26',
    'fromusername' => 'oFxpOw7Ms5PEWDZoNa2xV7amljxU',
    'createtime' => '1503049550',
    'msgtype' => 'event',
    'event' => 'VIEW',
    'eventkey' => 'http://wx.aiwangsports.com/app/index.php?i=2&c=entry&do=enroll&m=awt_enroll',
    'menuid' => '465655273',
    'from' => 'oFxpOw7Ms5PEWDZoNa2xV7amljxU',
    'to' => 'gh_272635033f26',
    'time' => '1503049550',
    'type' => 'text',
    'content' => 'http://wx.aiwangsports.com/app/index.php?i=2&c=entry&do=enroll&m=awt_enroll',
    'redirection' => true,
    'source' => 'VIEW',
  ),
)

2017-08-18 17:45:40 response :
------------

2017-08-18 18:24:57 trace :
------------
String:
<xml><ToUserName><![CDATA[gh_272635033f26]]></ToUserName>
<FromUserName><![CDATA[oFxpOw7Ms5PEWDZoNa2xV7amljxU]]></FromUserName>
<CreateTime>1503051907</CreateTime>
<MsgType><![CDATA[event]]></MsgType>
<Event><![CDATA[VIEW]]></Event>
<EventKey><![CDATA[http://wx.aiwangsports.com/app/index.php?i=2&c=entry&do=enroll&m=awt_enroll]]></EventKey>
<MenuId>465655273</MenuId>
</xml>

2017-08-18 18:24:57 params :
------------
String:
array (
  'rule' => -2,
  'module' => '',
  'message' => 
  array (
    'tousername' => 'gh_272635033f26',
    'fromusername' => 'oFxpOw7Ms5PEWDZoNa2xV7amljxU',
    'createtime' => '1503051907',
    'msgtype' => 'event',
    'event' => 'VIEW',
    'eventkey' => 'http://wx.aiwangsports.com/app/index.php?i=2&c=entry&do=enroll&m=awt_enroll',
    'menuid' => '465655273',
    'from' => 'oFxpOw7Ms5PEWDZoNa2xV7amljxU',
    'to' => 'gh_272635033f26',
    'time' => '1503051907',
    'type' => 'text',
    'content' => 'http://wx.aiwangsports.com/app/index.php?i=2&c=entry&do=enroll&m=awt_enroll',
    'redirection' => true,
    'source' => 'VIEW',
  ),
)

2017-08-18 18:24:57 response :
------------

2017-08-18 19:51:06 trace :
------------
String:
<xml><ToUserName><![CDATA[gh_272635033f26]]></ToUserName>
<FromUserName><![CDATA[oFxpOw7Ms5PEWDZoNa2xV7amljxU]]></FromUserName>
<CreateTime>1503057076</CreateTime>
<MsgType><![CDATA[event]]></MsgType>
<Event><![CDATA[VIEW]]></Event>
<EventKey><![CDATA[http://wx.aiwangsports.com/app/index.php?i=2&c=entry&do=enroll&m=awt_enroll]]></EventKey>
<MenuId>465655273</MenuId>
</xml>

2017-08-18 19:51:06 params :
------------
String:
array (
  'rule' => -2,
  'module' => '',
  'message' => 
  array (
    'tousername' => 'gh_272635033f26',
    'fromusername' => 'oFxpOw7Ms5PEWDZoNa2xV7amljxU',
    'createtime' => '1503057076',
    'msgtype' => 'event',
    'event' => 'VIEW',
    'eventkey' => 'http://wx.aiwangsports.com/app/index.php?i=2&c=entry&do=enroll&m=awt_enroll',
    'menuid' => '465655273',
    'from' => 'oFxpOw7Ms5PEWDZoNa2xV7amljxU',
    'to' => 'gh_272635033f26',
    'time' => '1503057076',
    'type' => 'text',
    'content' => 'http://wx.aiwangsports.com/app/index.php?i=2&c=entry&do=enroll&m=awt_enroll',
    'redirection' => true,
    'source' => 'VIEW',
  ),
)

2017-08-18 19:51:06 response :
------------

2017-08-18 20:49:04 trace :
------------
String:
<xml><ToUserName><![CDATA[gh_272635033f26]]></ToUserName>
<FromUserName><![CDATA[oFxpOw7Ms5PEWDZoNa2xV7amljxU]]></FromUserName>
<CreateTime>1503060554</CreateTime>
<MsgType><![CDATA[event]]></MsgType>
<Event><![CDATA[VIEW]]></Event>
<EventKey><![CDATA[http://wx.aiwangsports.com/app/index.php?i=2&c=entry&p=detail&id=2&do=aboutus&m=awt_enroll]]></EventKey>
<MenuId>465655273</MenuId>
</xml>

2017-08-18 20:49:04 params :
------------
String:
array (
  'rule' => -2,
  'module' => '',
  'message' => 
  array (
    'tousername' => 'gh_272635033f26',
    'fromusername' => 'oFxpOw7Ms5PEWDZoNa2xV7amljxU',
    'createtime' => '1503060554',
    'msgtype' => 'event',
    'event' => 'VIEW',
    'eventkey' => 'http://wx.aiwangsports.com/app/index.php?i=2&c=entry&p=detail&id=2&do=aboutus&m=awt_enroll',
    'menuid' => '465655273',
    'from' => 'oFxpOw7Ms5PEWDZoNa2xV7amljxU',
    'to' => 'gh_272635033f26',
    'time' => '1503060554',
    'type' => 'text',
    'content' => 'http://wx.aiwangsports.com/app/index.php?i=2&c=entry&p=detail&id=2&do=aboutus&m=awt_enroll',
    'redirection' => true,
    'source' => 'VIEW',
  ),
)

2017-08-18 20:49:04 response :
------------

2017-08-18 20:49:14 trace :
------------
String:
<xml><ToUserName><![CDATA[gh_272635033f26]]></ToUserName>
<FromUserName><![CDATA[oFxpOw7Ms5PEWDZoNa2xV7amljxU]]></FromUserName>
<CreateTime>1503060564</CreateTime>
<MsgType><![CDATA[event]]></MsgType>
<Event><![CDATA[VIEW]]></Event>
<EventKey><![CDATA[http://wx.aiwangsports.com/app/index.php?i=2&c=entry&p=detail&id=1&do=aboutus&m=awt_enroll]]></EventKey>
<MenuId>465655273</MenuId>
</xml>

2017-08-18 20:49:14 params :
------------
String:
array (
  'rule' => -2,
  'module' => '',
  'message' => 
  array (
    'tousername' => 'gh_272635033f26',
    'fromusername' => 'oFxpOw7Ms5PEWDZoNa2xV7amljxU',
    'createtime' => '1503060564',
    'msgtype' => 'event',
    'event' => 'VIEW',
    'eventkey' => 'http://wx.aiwangsports.com/app/index.php?i=2&c=entry&p=detail&id=1&do=aboutus&m=awt_enroll',
    'menuid' => '465655273',
    'from' => 'oFxpOw7Ms5PEWDZoNa2xV7amljxU',
    'to' => 'gh_272635033f26',
    'time' => '1503060564',
    'type' => 'text',
    'content' => 'http://wx.aiwangsports.com/app/index.php?i=2&c=entry&p=detail&id=1&do=aboutus&m=awt_enroll',
    'redirection' => true,
    'source' => 'VIEW',
  ),
)

2017-08-18 20:49:14 response :
------------

2017-08-18 20:49:33 trace :
------------
String:
<xml><ToUserName><![CDATA[gh_272635033f26]]></ToUserName>
<FromUserName><![CDATA[oFxpOw7Ms5PEWDZoNa2xV7amljxU]]></FromUserName>
<CreateTime>1503060583</CreateTime>
<MsgType><![CDATA[event]]></MsgType>
<Event><![CDATA[VIEW]]></Event>
<EventKey><![CDATA[http://wx.aiwangsports.com/app/index.php?i=2&c=entry&do=enroll&m=awt_enroll]]></EventKey>
<MenuId>465655273</MenuId>
</xml>

2017-08-18 20:49:33 params :
------------
String:
array (
  'rule' => -2,
  'module' => '',
  'message' => 
  array (
    'tousername' => 'gh_272635033f26',
    'fromusername' => 'oFxpOw7Ms5PEWDZoNa2xV7amljxU',
    'createtime' => '1503060583',
    'msgtype' => 'event',
    'event' => 'VIEW',
    'eventkey' => 'http://wx.aiwangsports.com/app/index.php?i=2&c=entry&do=enroll&m=awt_enroll',
    'menuid' => '465655273',
    'from' => 'oFxpOw7Ms5PEWDZoNa2xV7amljxU',
    'to' => 'gh_272635033f26',
    'time' => '1503060583',
    'type' => 'text',
    'content' => 'http://wx.aiwangsports.com/app/index.php?i=2&c=entry&do=enroll&m=awt_enroll',
    'redirection' => true,
    'source' => 'VIEW',
  ),
)

2017-08-18 20:49:33 response :
------------

2017-08-18 21:50:19 trace :
------------
String:
<xml><ToUserName><![CDATA[gh_272635033f26]]></ToUserName>
<FromUserName><![CDATA[oFxpOw7Ms5PEWDZoNa2xV7amljxU]]></FromUserName>
<CreateTime>1503064229</CreateTime>
<MsgType><![CDATA[event]]></MsgType>
<Event><![CDATA[VIEW]]></Event>
<EventKey><![CDATA[http://wx.aiwangsports.com/app/index.php?i=2&c=entry&do=ranking&m=awt_enroll]]></EventKey>
<MenuId>465655273</MenuId>
</xml>

2017-08-18 21:50:19 params :
------------
String:
array (
  'rule' => -2,
  'module' => '',
  'message' => 
  array (
    'tousername' => 'gh_272635033f26',
    'fromusername' => 'oFxpOw7Ms5PEWDZoNa2xV7amljxU',
    'createtime' => '1503064229',
    'msgtype' => 'event',
    'event' => 'VIEW',
    'eventkey' => 'http://wx.aiwangsports.com/app/index.php?i=2&c=entry&do=ranking&m=awt_enroll',
    'menuid' => '465655273',
    'from' => 'oFxpOw7Ms5PEWDZoNa2xV7amljxU',
    'to' => 'gh_272635033f26',
    'time' => '1503064229',
    'type' => 'text',
    'content' => 'http://wx.aiwangsports.com/app/index.php?i=2&c=entry&do=ranking&m=awt_enroll',
    'redirection' => true,
    'source' => 'VIEW',
  ),
)

2017-08-18 21:50:19 response :
------------

