2017-08-29 21:58:27 trace :
------------
String:
<xml><ToUserName><![CDATA[gh_272635033f26]]></ToUserName>
<FromUserName><![CDATA[oFxpOwyEUyWq_R7_rNbXB3YvPgqM]]></FromUserName>
<CreateTime>1504015120</CreateTime>
<MsgType><![CDATA[event]]></MsgType>
<Event><![CDATA[subscribe]]></Event>
<EventKey><![CDATA[]]></EventKey>
</xml>

2017-08-29 21:58:27 params :
------------
String:
array (
  'rule' => -2,
  'module' => '',
  'message' => 
  array (
    'tousername' => 'gh_272635033f26',
    'fromusername' => 'oFxpOwyEUyWq_R7_rNbXB3YvPgqM',
    'createtime' => '1504015120',
    'msgtype' => 'event',
    'event' => 'subscribe',
    'eventkey' => '',
    'from' => 'oFxpOwyEUyWq_R7_rNbXB3YvPgqM',
    'to' => 'gh_272635033f26',
    'time' => '1504015120',
    'type' => 'text',
    'redirection' => true,
    'source' => 'subscribe',
  ),
)

2017-08-29 21:58:27 response :
------------

2017-08-29 21:58:38 trace :
------------
String:
<xml><ToUserName><![CDATA[gh_272635033f26]]></ToUserName>
<FromUserName><![CDATA[oFxpOwyEUyWq_R7_rNbXB3YvPgqM]]></FromUserName>
<CreateTime>1504015130</CreateTime>
<MsgType><![CDATA[event]]></MsgType>
<Event><![CDATA[VIEW]]></Event>
<EventKey><![CDATA[http://wx.aiwangsports.com/app/index.php?i=2&c=entry&do=ranking&m=awt_enroll]]></EventKey>
<MenuId>465655273</MenuId>
</xml>

2017-08-29 21:58:38 params :
------------
String:
array (
  'rule' => -2,
  'module' => '',
  'message' => 
  array (
    'tousername' => 'gh_272635033f26',
    'fromusername' => 'oFxpOwyEUyWq_R7_rNbXB3YvPgqM',
    'createtime' => '1504015130',
    'msgtype' => 'event',
    'event' => 'VIEW',
    'eventkey' => 'http://wx.aiwangsports.com/app/index.php?i=2&c=entry&do=ranking&m=awt_enroll',
    'menuid' => '465655273',
    'from' => 'oFxpOwyEUyWq_R7_rNbXB3YvPgqM',
    'to' => 'gh_272635033f26',
    'time' => '1504015130',
    'type' => 'text',
    'content' => 'http://wx.aiwangsports.com/app/index.php?i=2&c=entry&do=ranking&m=awt_enroll',
    'redirection' => true,
    'source' => 'VIEW',
  ),
)

2017-08-29 21:58:38 response :
------------

2017-08-29 21:58:42 trace :
------------
String:
<xml><ToUserName><![CDATA[gh_272635033f26]]></ToUserName>
<FromUserName><![CDATA[oFxpOwyEUyWq_R7_rNbXB3YvPgqM]]></FromUserName>
<CreateTime>1504015134</CreateTime>
<MsgType><![CDATA[event]]></MsgType>
<Event><![CDATA[VIEW]]></Event>
<EventKey><![CDATA[http://wx.aiwangsports.com/app/index.php?i=2&c=entry&p=detail&id=2&do=aboutus&m=awt_enroll]]></EventKey>
<MenuId>465655273</MenuId>
</xml>

2017-08-29 21:58:42 params :
------------
String:
array (
  'rule' => -2,
  'module' => '',
  'message' => 
  array (
    'tousername' => 'gh_272635033f26',
    'fromusername' => 'oFxpOwyEUyWq_R7_rNbXB3YvPgqM',
    'createtime' => '1504015134',
    'msgtype' => 'event',
    'event' => 'VIEW',
    'eventkey' => 'http://wx.aiwangsports.com/app/index.php?i=2&c=entry&p=detail&id=2&do=aboutus&m=awt_enroll',
    'menuid' => '465655273',
    'from' => 'oFxpOwyEUyWq_R7_rNbXB3YvPgqM',
    'to' => 'gh_272635033f26',
    'time' => '1504015134',
    'type' => 'text',
    'content' => 'http://wx.aiwangsports.com/app/index.php?i=2&c=entry&p=detail&id=2&do=aboutus&m=awt_enroll',
    'redirection' => true,
    'source' => 'VIEW',
  ),
)

2017-08-29 21:58:42 response :
------------

2017-08-29 21:58:46 trace :
------------
String:
<xml><ToUserName><![CDATA[gh_272635033f26]]></ToUserName>
<FromUserName><![CDATA[oFxpOwyEUyWq_R7_rNbXB3YvPgqM]]></FromUserName>
<CreateTime>1504015138</CreateTime>
<MsgType><![CDATA[event]]></MsgType>
<Event><![CDATA[VIEW]]></Event>
<EventKey><![CDATA[http://wx.aiwangsports.com/app/index.php?i=2&c=entry&do=ranking&m=awt_enroll]]></EventKey>
<MenuId>465655273</MenuId>
</xml>

2017-08-29 21:58:46 params :
------------
String:
array (
  'rule' => -2,
  'module' => '',
  'message' => 
  array (
    'tousername' => 'gh_272635033f26',
    'fromusername' => 'oFxpOwyEUyWq_R7_rNbXB3YvPgqM',
    'createtime' => '1504015138',
    'msgtype' => 'event',
    'event' => 'VIEW',
    'eventkey' => 'http://wx.aiwangsports.com/app/index.php?i=2&c=entry&do=ranking&m=awt_enroll',
    'menuid' => '465655273',
    'from' => 'oFxpOwyEUyWq_R7_rNbXB3YvPgqM',
    'to' => 'gh_272635033f26',
    'time' => '1504015138',
    'type' => 'text',
    'content' => 'http://wx.aiwangsports.com/app/index.php?i=2&c=entry&do=ranking&m=awt_enroll',
    'redirection' => true,
    'source' => 'VIEW',
  ),
)

2017-08-29 21:58:46 response :
------------

2017-08-29 21:58:55 trace :
------------
String:
<xml><ToUserName><![CDATA[gh_272635033f26]]></ToUserName>
<FromUserName><![CDATA[oFxpOwyEUyWq_R7_rNbXB3YvPgqM]]></FromUserName>
<CreateTime>1504015147</CreateTime>
<MsgType><![CDATA[event]]></MsgType>
<Event><![CDATA[unsubscribe]]></Event>
<EventKey><![CDATA[]]></EventKey>
</xml>

