2017-12-24 11:20:16 trace :
------------
String:
<xml><ToUserName><![CDATA[gh_272635033f26]]></ToUserName>
<FromUserName><![CDATA[oFxpOw3H2JJWmI5Nkh4MXgfJQClc]]></FromUserName>
<CreateTime>1514085657</CreateTime>
<MsgType><![CDATA[event]]></MsgType>
<Event><![CDATA[VIEW]]></Event>
<EventKey><![CDATA[http://wx.aiwangsports.com/app/index.php?i=2&c=entry&do=ranking&m=awt_enroll]]></EventKey>
<MenuId>465655273</MenuId>
</xml>

2017-12-24 11:20:16 params :
------------
String:
array (
  'rule' => -2,
  'module' => '',
  'message' => 
  array (
    'tousername' => 'gh_272635033f26',
    'fromusername' => 'oFxpOw3H2JJWmI5Nkh4MXgfJQClc',
    'createtime' => '1514085657',
    'msgtype' => 'event',
    'event' => 'VIEW',
    'eventkey' => 'http://wx.aiwangsports.com/app/index.php?i=2&c=entry&do=ranking&m=awt_enroll',
    'menuid' => '465655273',
    'from' => 'oFxpOw3H2JJWmI5Nkh4MXgfJQClc',
    'to' => 'gh_272635033f26',
    'time' => '1514085657',
    'type' => 'text',
    'content' => 'http://wx.aiwangsports.com/app/index.php?i=2&c=entry&do=ranking&m=awt_enroll',
    'redirection' => true,
    'source' => 'VIEW',
  ),
)

2017-12-24 11:20:16 response :
------------

2017-12-24 11:20:48 trace :
------------
String:
<xml><ToUserName><![CDATA[gh_272635033f26]]></ToUserName>
<FromUserName><![CDATA[oFxpOw3H2JJWmI5Nkh4MXgfJQClc]]></FromUserName>
<CreateTime>1514085689</CreateTime>
<MsgType><![CDATA[event]]></MsgType>
<Event><![CDATA[VIEW]]></Event>
<EventKey><![CDATA[http://wx.aiwangsports.com/app/index.php?i=2&c=entry&do=ranking&m=awt_enroll]]></EventKey>
<MenuId>465655273</MenuId>
</xml>

2017-12-24 11:20:48 params :
------------
String:
array (
  'rule' => -2,
  'module' => '',
  'message' => 
  array (
    'tousername' => 'gh_272635033f26',
    'fromusername' => 'oFxpOw3H2JJWmI5Nkh4MXgfJQClc',
    'createtime' => '1514085689',
    'msgtype' => 'event',
    'event' => 'VIEW',
    'eventkey' => 'http://wx.aiwangsports.com/app/index.php?i=2&c=entry&do=ranking&m=awt_enroll',
    'menuid' => '465655273',
    'from' => 'oFxpOw3H2JJWmI5Nkh4MXgfJQClc',
    'to' => 'gh_272635033f26',
    'time' => '1514085689',
    'type' => 'text',
    'content' => 'http://wx.aiwangsports.com/app/index.php?i=2&c=entry&do=ranking&m=awt_enroll',
    'redirection' => true,
    'source' => 'VIEW',
  ),
)

2017-12-24 11:20:48 response :
------------

2017-12-24 14:54:56 trace :
------------
String:
<xml><ToUserName><![CDATA[gh_272635033f26]]></ToUserName>
<FromUserName><![CDATA[oFxpOw3H2JJWmI5Nkh4MXgfJQClc]]></FromUserName>
<CreateTime>1514098537</CreateTime>
<MsgType><![CDATA[event]]></MsgType>
<Event><![CDATA[VIEW]]></Event>
<EventKey><![CDATA[http://wx.aiwangsports.com/app/index.php?i=2&c=entry&do=ranking&m=awt_enroll]]></EventKey>
<MenuId>465655273</MenuId>
</xml>

2017-12-24 14:54:56 params :
------------
String:
array (
  'rule' => -2,
  'module' => '',
  'message' => 
  array (
    'tousername' => 'gh_272635033f26',
    'fromusername' => 'oFxpOw3H2JJWmI5Nkh4MXgfJQClc',
    'createtime' => '1514098537',
    'msgtype' => 'event',
    'event' => 'VIEW',
    'eventkey' => 'http://wx.aiwangsports.com/app/index.php?i=2&c=entry&do=ranking&m=awt_enroll',
    'menuid' => '465655273',
    'from' => 'oFxpOw3H2JJWmI5Nkh4MXgfJQClc',
    'to' => 'gh_272635033f26',
    'time' => '1514098537',
    'type' => 'text',
    'content' => 'http://wx.aiwangsports.com/app/index.php?i=2&c=entry&do=ranking&m=awt_enroll',
    'redirection' => true,
    'source' => 'VIEW',
  ),
)

2017-12-24 14:54:56 response :
------------

2017-12-24 14:56:16 trace :
------------
String:
<xml><ToUserName><![CDATA[gh_272635033f26]]></ToUserName>
<FromUserName><![CDATA[oFxpOw3H2JJWmI5Nkh4MXgfJQClc]]></FromUserName>
<CreateTime>1514098617</CreateTime>
<MsgType><![CDATA[event]]></MsgType>
<Event><![CDATA[VIEW]]></Event>
<EventKey><![CDATA[http://wx.aiwangsports.com/app/index.php?i=2&c=entry&do=member&m=awt_enroll]]></EventKey>
<MenuId>465655273</MenuId>
</xml>

2017-12-24 14:56:16 params :
------------
String:
array (
  'rule' => -2,
  'module' => '',
  'message' => 
  array (
    'tousername' => 'gh_272635033f26',
    'fromusername' => 'oFxpOw3H2JJWmI5Nkh4MXgfJQClc',
    'createtime' => '1514098617',
    'msgtype' => 'event',
    'event' => 'VIEW',
    'eventkey' => 'http://wx.aiwangsports.com/app/index.php?i=2&c=entry&do=member&m=awt_enroll',
    'menuid' => '465655273',
    'from' => 'oFxpOw3H2JJWmI5Nkh4MXgfJQClc',
    'to' => 'gh_272635033f26',
    'time' => '1514098617',
    'type' => 'text',
    'content' => 'http://wx.aiwangsports.com/app/index.php?i=2&c=entry&do=member&m=awt_enroll',
    'redirection' => true,
    'source' => 'VIEW',
  ),
)

2017-12-24 14:56:16 response :
------------

2017-12-24 14:56:42 trace :
------------
String:
<xml><ToUserName><![CDATA[gh_272635033f26]]></ToUserName>
<FromUserName><![CDATA[oFxpOw3H2JJWmI5Nkh4MXgfJQClc]]></FromUserName>
<CreateTime>1514098643</CreateTime>
<MsgType><![CDATA[event]]></MsgType>
<Event><![CDATA[VIEW]]></Event>
<EventKey><![CDATA[http://wx.aiwangsports.com/app/index.php?i=2&c=entry&do=ranking&m=awt_enroll]]></EventKey>
<MenuId>465655273</MenuId>
</xml>

2017-12-24 14:56:42 params :
------------
String:
array (
  'rule' => -2,
  'module' => '',
  'message' => 
  array (
    'tousername' => 'gh_272635033f26',
    'fromusername' => 'oFxpOw3H2JJWmI5Nkh4MXgfJQClc',
    'createtime' => '1514098643',
    'msgtype' => 'event',
    'event' => 'VIEW',
    'eventkey' => 'http://wx.aiwangsports.com/app/index.php?i=2&c=entry&do=ranking&m=awt_enroll',
    'menuid' => '465655273',
    'from' => 'oFxpOw3H2JJWmI5Nkh4MXgfJQClc',
    'to' => 'gh_272635033f26',
    'time' => '1514098643',
    'type' => 'text',
    'content' => 'http://wx.aiwangsports.com/app/index.php?i=2&c=entry&do=ranking&m=awt_enroll',
    'redirection' => true,
    'source' => 'VIEW',
  ),
)

2017-12-24 14:56:42 response :
------------

2017-12-24 14:59:41 trace :
------------
String:
<xml><ToUserName><![CDATA[gh_272635033f26]]></ToUserName>
<FromUserName><![CDATA[oFxpOw3H2JJWmI5Nkh4MXgfJQClc]]></FromUserName>
<CreateTime>1514098823</CreateTime>
<MsgType><![CDATA[event]]></MsgType>
<Event><![CDATA[VIEW]]></Event>
<EventKey><![CDATA[http://wx.aiwangsports.com/app/index.php?i=2&c=entry&do=ranking&m=awt_enroll]]></EventKey>
<MenuId>465655273</MenuId>
</xml>

2017-12-24 14:59:41 params :
------------
String:
array (
  'rule' => -2,
  'module' => '',
  'message' => 
  array (
    'tousername' => 'gh_272635033f26',
    'fromusername' => 'oFxpOw3H2JJWmI5Nkh4MXgfJQClc',
    'createtime' => '1514098823',
    'msgtype' => 'event',
    'event' => 'VIEW',
    'eventkey' => 'http://wx.aiwangsports.com/app/index.php?i=2&c=entry&do=ranking&m=awt_enroll',
    'menuid' => '465655273',
    'from' => 'oFxpOw3H2JJWmI5Nkh4MXgfJQClc',
    'to' => 'gh_272635033f26',
    'time' => '1514098823',
    'type' => 'text',
    'content' => 'http://wx.aiwangsports.com/app/index.php?i=2&c=entry&do=ranking&m=awt_enroll',
    'redirection' => true,
    'source' => 'VIEW',
  ),
)

2017-12-24 14:59:41 response :
------------

2017-12-24 15:06:47 trace :
------------
String:
<xml><ToUserName><![CDATA[gh_272635033f26]]></ToUserName>
<FromUserName><![CDATA[oFxpOw3H2JJWmI5Nkh4MXgfJQClc]]></FromUserName>
<CreateTime>1514099249</CreateTime>
<MsgType><![CDATA[event]]></MsgType>
<Event><![CDATA[VIEW]]></Event>
<EventKey><![CDATA[http://wx.aiwangsports.com/app/index.php?i=2&c=entry&do=ranking&m=awt_enroll]]></EventKey>
<MenuId>465655273</MenuId>
</xml>

2017-12-24 15:06:47 params :
------------
String:
array (
  'rule' => -2,
  'module' => '',
  'message' => 
  array (
    'tousername' => 'gh_272635033f26',
    'fromusername' => 'oFxpOw3H2JJWmI5Nkh4MXgfJQClc',
    'createtime' => '1514099249',
    'msgtype' => 'event',
    'event' => 'VIEW',
    'eventkey' => 'http://wx.aiwangsports.com/app/index.php?i=2&c=entry&do=ranking&m=awt_enroll',
    'menuid' => '465655273',
    'from' => 'oFxpOw3H2JJWmI5Nkh4MXgfJQClc',
    'to' => 'gh_272635033f26',
    'time' => '1514099249',
    'type' => 'text',
    'content' => 'http://wx.aiwangsports.com/app/index.php?i=2&c=entry&do=ranking&m=awt_enroll',
    'redirection' => true,
    'source' => 'VIEW',
  ),
)

2017-12-24 15:06:47 response :
------------

2017-12-24 15:27:14 trace :
------------
String:
<xml><ToUserName><![CDATA[gh_272635033f26]]></ToUserName>
<FromUserName><![CDATA[oFxpOw3H2JJWmI5Nkh4MXgfJQClc]]></FromUserName>
<CreateTime>1514100476</CreateTime>
<MsgType><![CDATA[event]]></MsgType>
<Event><![CDATA[VIEW]]></Event>
<EventKey><![CDATA[http://wx.aiwangsports.com/app/index.php?i=2&c=entry&do=ranking&m=awt_enroll]]></EventKey>
<MenuId>465655273</MenuId>
</xml>

2017-12-24 15:27:14 params :
------------
String:
array (
  'rule' => -2,
  'module' => '',
  'message' => 
  array (
    'tousername' => 'gh_272635033f26',
    'fromusername' => 'oFxpOw3H2JJWmI5Nkh4MXgfJQClc',
    'createtime' => '1514100476',
    'msgtype' => 'event',
    'event' => 'VIEW',
    'eventkey' => 'http://wx.aiwangsports.com/app/index.php?i=2&c=entry&do=ranking&m=awt_enroll',
    'menuid' => '465655273',
    'from' => 'oFxpOw3H2JJWmI5Nkh4MXgfJQClc',
    'to' => 'gh_272635033f26',
    'time' => '1514100476',
    'type' => 'text',
    'content' => 'http://wx.aiwangsports.com/app/index.php?i=2&c=entry&do=ranking&m=awt_enroll',
    'redirection' => true,
    'source' => 'VIEW',
  ),
)

2017-12-24 15:27:14 response :
------------

