2017-08-14 08:30:39 trace :
------------
String:
<xml><ToUserName><![CDATA[gh_272635033f26]]></ToUserName>
<FromUserName><![CDATA[oFxpOw2iE_7GJgL3R0pyQee9-n2c]]></FromUserName>
<CreateTime>1502670648</CreateTime>
<MsgType><![CDATA[event]]></MsgType>
<Event><![CDATA[VIEW]]></Event>
<EventKey><![CDATA[http://wx.aiwangsports.com/app/index.php?i=2&c=entry&do=aboutus&m=awt_enroll]]></EventKey>
<MenuId>465076950</MenuId>
</xml>

2017-08-14 08:30:39 params :
------------
String:
array (
  'rule' => -2,
  'module' => '',
  'message' => 
  array (
    'tousername' => 'gh_272635033f26',
    'fromusername' => 'oFxpOw2iE_7GJgL3R0pyQee9-n2c',
    'createtime' => '1502670648',
    'msgtype' => 'event',
    'event' => 'VIEW',
    'eventkey' => 'http://wx.aiwangsports.com/app/index.php?i=2&c=entry&do=aboutus&m=awt_enroll',
    'menuid' => '465076950',
    'from' => 'oFxpOw2iE_7GJgL3R0pyQee9-n2c',
    'to' => 'gh_272635033f26',
    'time' => '1502670648',
    'type' => 'text',
    'content' => 'http://wx.aiwangsports.com/app/index.php?i=2&c=entry&do=aboutus&m=awt_enroll',
    'redirection' => true,
    'source' => 'VIEW',
  ),
)

2017-08-14 08:30:39 response :
------------

2017-08-14 08:35:19 trace :
------------
String:
<xml><ToUserName><![CDATA[gh_272635033f26]]></ToUserName>
<FromUserName><![CDATA[oFxpOw-a-qlAedxq-ICDfO16ketU]]></FromUserName>
<CreateTime>1502670928</CreateTime>
<MsgType><![CDATA[event]]></MsgType>
<Event><![CDATA[subscribe]]></Event>
<EventKey><![CDATA[]]></EventKey>
</xml>

2017-08-14 08:35:19 params :
------------
String:
array (
  'rule' => -2,
  'module' => '',
  'message' => 
  array (
    'tousername' => 'gh_272635033f26',
    'fromusername' => 'oFxpOw-a-qlAedxq-ICDfO16ketU',
    'createtime' => '1502670928',
    'msgtype' => 'event',
    'event' => 'subscribe',
    'eventkey' => '',
    'from' => 'oFxpOw-a-qlAedxq-ICDfO16ketU',
    'to' => 'gh_272635033f26',
    'time' => '1502670928',
    'type' => 'text',
    'redirection' => true,
    'source' => 'subscribe',
  ),
)

2017-08-14 08:35:19 response :
------------

2017-08-14 08:35:22 trace :
------------
String:
<xml><ToUserName><![CDATA[gh_272635033f26]]></ToUserName>
<FromUserName><![CDATA[oFxpOw-a-qlAedxq-ICDfO16ketU]]></FromUserName>
<CreateTime>1502670930</CreateTime>
<MsgType><![CDATA[event]]></MsgType>
<Event><![CDATA[VIEW]]></Event>
<EventKey><![CDATA[http://wx.aiwangsports.com/app/index.php?i=2&c=entry&do=aboutus&m=awt_enroll]]></EventKey>
<MenuId>465076950</MenuId>
</xml>

2017-08-14 08:35:22 params :
------------
String:
array (
  'rule' => -2,
  'module' => '',
  'message' => 
  array (
    'tousername' => 'gh_272635033f26',
    'fromusername' => 'oFxpOw-a-qlAedxq-ICDfO16ketU',
    'createtime' => '1502670930',
    'msgtype' => 'event',
    'event' => 'VIEW',
    'eventkey' => 'http://wx.aiwangsports.com/app/index.php?i=2&c=entry&do=aboutus&m=awt_enroll',
    'menuid' => '465076950',
    'from' => 'oFxpOw-a-qlAedxq-ICDfO16ketU',
    'to' => 'gh_272635033f26',
    'time' => '1502670930',
    'type' => 'text',
    'content' => 'http://wx.aiwangsports.com/app/index.php?i=2&c=entry&do=aboutus&m=awt_enroll',
    'redirection' => true,
    'source' => 'VIEW',
  ),
)

2017-08-14 08:35:22 response :
------------

2017-08-14 08:35:29 trace :
------------
String:
<xml><ToUserName><![CDATA[gh_272635033f26]]></ToUserName>
<FromUserName><![CDATA[oFxpOw-a-qlAedxq-ICDfO16ketU]]></FromUserName>
<CreateTime>1502670938</CreateTime>
<MsgType><![CDATA[event]]></MsgType>
<Event><![CDATA[VIEW]]></Event>
<EventKey><![CDATA[http://wx.aiwangsports.com/app/index.php?i=2&c=entry&do=ranking&m=awt_enroll]]></EventKey>
<MenuId>465076950</MenuId>
</xml>

2017-08-14 08:35:29 params :
------------
String:
array (
  'rule' => -2,
  'module' => '',
  'message' => 
  array (
    'tousername' => 'gh_272635033f26',
    'fromusername' => 'oFxpOw-a-qlAedxq-ICDfO16ketU',
    'createtime' => '1502670938',
    'msgtype' => 'event',
    'event' => 'VIEW',
    'eventkey' => 'http://wx.aiwangsports.com/app/index.php?i=2&c=entry&do=ranking&m=awt_enroll',
    'menuid' => '465076950',
    'from' => 'oFxpOw-a-qlAedxq-ICDfO16ketU',
    'to' => 'gh_272635033f26',
    'time' => '1502670938',
    'type' => 'text',
    'content' => 'http://wx.aiwangsports.com/app/index.php?i=2&c=entry&do=ranking&m=awt_enroll',
    'redirection' => true,
    'source' => 'VIEW',
  ),
)

2017-08-14 08:35:29 response :
------------

2017-08-14 08:35:33 trace :
------------
String:
<xml><ToUserName><![CDATA[gh_272635033f26]]></ToUserName>
<FromUserName><![CDATA[oFxpOw-a-qlAedxq-ICDfO16ketU]]></FromUserName>
<CreateTime>1502670942</CreateTime>
<MsgType><![CDATA[event]]></MsgType>
<Event><![CDATA[VIEW]]></Event>
<EventKey><![CDATA[http://wx.aiwangsports.com/app/index.php?i=2&c=entry&do=enroll&m=awt_enroll]]></EventKey>
<MenuId>465076950</MenuId>
</xml>

2017-08-14 08:35:33 params :
------------
String:
array (
  'rule' => -2,
  'module' => '',
  'message' => 
  array (
    'tousername' => 'gh_272635033f26',
    'fromusername' => 'oFxpOw-a-qlAedxq-ICDfO16ketU',
    'createtime' => '1502670942',
    'msgtype' => 'event',
    'event' => 'VIEW',
    'eventkey' => 'http://wx.aiwangsports.com/app/index.php?i=2&c=entry&do=enroll&m=awt_enroll',
    'menuid' => '465076950',
    'from' => 'oFxpOw-a-qlAedxq-ICDfO16ketU',
    'to' => 'gh_272635033f26',
    'time' => '1502670942',
    'type' => 'text',
    'content' => 'http://wx.aiwangsports.com/app/index.php?i=2&c=entry&do=enroll&m=awt_enroll',
    'redirection' => true,
    'source' => 'VIEW',
  ),
)

2017-08-14 08:35:33 response :
------------

2017-08-14 12:49:49 trace :
------------
String:
<xml><ToUserName><![CDATA[gh_272635033f26]]></ToUserName>
<FromUserName><![CDATA[oFxpOw2iE_7GJgL3R0pyQee9-n2c]]></FromUserName>
<CreateTime>1502686197</CreateTime>
<MsgType><![CDATA[event]]></MsgType>
<Event><![CDATA[VIEW]]></Event>
<EventKey><![CDATA[http://wx.aiwangsports.com/app/index.php?i=2&c=entry&do=enroll&m=awt_enroll]]></EventKey>
<MenuId>465076950</MenuId>
</xml>

2017-08-14 12:49:49 params :
------------
String:
array (
  'rule' => -2,
  'module' => '',
  'message' => 
  array (
    'tousername' => 'gh_272635033f26',
    'fromusername' => 'oFxpOw2iE_7GJgL3R0pyQee9-n2c',
    'createtime' => '1502686197',
    'msgtype' => 'event',
    'event' => 'VIEW',
    'eventkey' => 'http://wx.aiwangsports.com/app/index.php?i=2&c=entry&do=enroll&m=awt_enroll',
    'menuid' => '465076950',
    'from' => 'oFxpOw2iE_7GJgL3R0pyQee9-n2c',
    'to' => 'gh_272635033f26',
    'time' => '1502686197',
    'type' => 'text',
    'content' => 'http://wx.aiwangsports.com/app/index.php?i=2&c=entry&do=enroll&m=awt_enroll',
    'redirection' => true,
    'source' => 'VIEW',
  ),
)

2017-08-14 12:49:49 response :
------------

2017-08-14 12:50:02 trace :
------------
String:
<xml><ToUserName><![CDATA[gh_272635033f26]]></ToUserName>
<FromUserName><![CDATA[oFxpOw2iE_7GJgL3R0pyQee9-n2c]]></FromUserName>
<CreateTime>1502686210</CreateTime>
<MsgType><![CDATA[event]]></MsgType>
<Event><![CDATA[VIEW]]></Event>
<EventKey><![CDATA[http://wx.aiwangsports.com/app/index.php?i=2&c=entry&do=ranking&m=awt_enroll]]></EventKey>
<MenuId>465076950</MenuId>
</xml>

2017-08-14 12:50:02 params :
------------
String:
array (
  'rule' => -2,
  'module' => '',
  'message' => 
  array (
    'tousername' => 'gh_272635033f26',
    'fromusername' => 'oFxpOw2iE_7GJgL3R0pyQee9-n2c',
    'createtime' => '1502686210',
    'msgtype' => 'event',
    'event' => 'VIEW',
    'eventkey' => 'http://wx.aiwangsports.com/app/index.php?i=2&c=entry&do=ranking&m=awt_enroll',
    'menuid' => '465076950',
    'from' => 'oFxpOw2iE_7GJgL3R0pyQee9-n2c',
    'to' => 'gh_272635033f26',
    'time' => '1502686210',
    'type' => 'text',
    'content' => 'http://wx.aiwangsports.com/app/index.php?i=2&c=entry&do=ranking&m=awt_enroll',
    'redirection' => true,
    'source' => 'VIEW',
  ),
)

2017-08-14 12:50:02 response :
------------

2017-08-14 12:50:05 trace :
------------
String:
<xml><ToUserName><![CDATA[gh_272635033f26]]></ToUserName>
<FromUserName><![CDATA[oFxpOw2iE_7GJgL3R0pyQee9-n2c]]></FromUserName>
<CreateTime>1502686214</CreateTime>
<MsgType><![CDATA[event]]></MsgType>
<Event><![CDATA[VIEW]]></Event>
<EventKey><![CDATA[http://wx.aiwangsports.com/app/index.php?i=2&c=entry&do=aboutus&m=awt_enroll]]></EventKey>
<MenuId>465076950</MenuId>
</xml>

2017-08-14 12:50:05 params :
------------
String:
array (
  'rule' => -2,
  'module' => '',
  'message' => 
  array (
    'tousername' => 'gh_272635033f26',
    'fromusername' => 'oFxpOw2iE_7GJgL3R0pyQee9-n2c',
    'createtime' => '1502686214',
    'msgtype' => 'event',
    'event' => 'VIEW',
    'eventkey' => 'http://wx.aiwangsports.com/app/index.php?i=2&c=entry&do=aboutus&m=awt_enroll',
    'menuid' => '465076950',
    'from' => 'oFxpOw2iE_7GJgL3R0pyQee9-n2c',
    'to' => 'gh_272635033f26',
    'time' => '1502686214',
    'type' => 'text',
    'content' => 'http://wx.aiwangsports.com/app/index.php?i=2&c=entry&do=aboutus&m=awt_enroll',
    'redirection' => true,
    'source' => 'VIEW',
  ),
)

2017-08-14 12:50:05 response :
------------

2017-08-14 15:03:05 trace :
------------
String:
<xml><ToUserName><![CDATA[gh_272635033f26]]></ToUserName>
<FromUserName><![CDATA[oFxpOw7Ms5PEWDZoNa2xV7amljxU]]></FromUserName>
<CreateTime>1502694194</CreateTime>
<MsgType><![CDATA[event]]></MsgType>
<Event><![CDATA[VIEW]]></Event>
<EventKey><![CDATA[http://wx.aiwangsports.com/app/index.php?i=2&c=entry&do=aboutus&m=awt_enroll]]></EventKey>
<MenuId>465076950</MenuId>
</xml>

2017-08-14 15:03:05 params :
------------
String:
array (
  'rule' => -2,
  'module' => '',
  'message' => 
  array (
    'tousername' => 'gh_272635033f26',
    'fromusername' => 'oFxpOw7Ms5PEWDZoNa2xV7amljxU',
    'createtime' => '1502694194',
    'msgtype' => 'event',
    'event' => 'VIEW',
    'eventkey' => 'http://wx.aiwangsports.com/app/index.php?i=2&c=entry&do=aboutus&m=awt_enroll',
    'menuid' => '465076950',
    'from' => 'oFxpOw7Ms5PEWDZoNa2xV7amljxU',
    'to' => 'gh_272635033f26',
    'time' => '1502694194',
    'type' => 'text',
    'content' => 'http://wx.aiwangsports.com/app/index.php?i=2&c=entry&do=aboutus&m=awt_enroll',
    'redirection' => true,
    'source' => 'VIEW',
  ),
)

2017-08-14 15:03:05 response :
------------

2017-08-14 23:00:06 trace :
------------
String:
<xml><ToUserName><![CDATA[gh_272635033f26]]></ToUserName>
<FromUserName><![CDATA[oFxpOw7Ms5PEWDZoNa2xV7amljxU]]></FromUserName>
<CreateTime>1502722815</CreateTime>
<MsgType><![CDATA[event]]></MsgType>
<Event><![CDATA[VIEW]]></Event>
<EventKey><![CDATA[http://wx.aiwangsports.com/app/index.php?i=2&c=entry&do=enroll&m=awt_enroll]]></EventKey>
<MenuId>465076950</MenuId>
</xml>

2017-08-14 23:00:06 params :
------------
String:
array (
  'rule' => -2,
  'module' => '',
  'message' => 
  array (
    'tousername' => 'gh_272635033f26',
    'fromusername' => 'oFxpOw7Ms5PEWDZoNa2xV7amljxU',
    'createtime' => '1502722815',
    'msgtype' => 'event',
    'event' => 'VIEW',
    'eventkey' => 'http://wx.aiwangsports.com/app/index.php?i=2&c=entry&do=enroll&m=awt_enroll',
    'menuid' => '465076950',
    'from' => 'oFxpOw7Ms5PEWDZoNa2xV7amljxU',
    'to' => 'gh_272635033f26',
    'time' => '1502722815',
    'type' => 'text',
    'content' => 'http://wx.aiwangsports.com/app/index.php?i=2&c=entry&do=enroll&m=awt_enroll',
    'redirection' => true,
    'source' => 'VIEW',
  ),
)

2017-08-14 23:00:06 response :
------------

2017-08-14 23:39:58 trace :
------------
String:
<xml><ToUserName><![CDATA[gh_272635033f26]]></ToUserName>
<FromUserName><![CDATA[oFxpOw7Ms5PEWDZoNa2xV7amljxU]]></FromUserName>
<CreateTime>1502725207</CreateTime>
<MsgType><![CDATA[event]]></MsgType>
<Event><![CDATA[VIEW]]></Event>
<EventKey><![CDATA[http://wx.aiwangsports.com/app/index.php?i=2&c=entry&do=enroll&m=awt_enroll]]></EventKey>
<MenuId>465076950</MenuId>
</xml>

2017-08-14 23:39:58 params :
------------
String:
array (
  'rule' => -2,
  'module' => '',
  'message' => 
  array (
    'tousername' => 'gh_272635033f26',
    'fromusername' => 'oFxpOw7Ms5PEWDZoNa2xV7amljxU',
    'createtime' => '1502725207',
    'msgtype' => 'event',
    'event' => 'VIEW',
    'eventkey' => 'http://wx.aiwangsports.com/app/index.php?i=2&c=entry&do=enroll&m=awt_enroll',
    'menuid' => '465076950',
    'from' => 'oFxpOw7Ms5PEWDZoNa2xV7amljxU',
    'to' => 'gh_272635033f26',
    'time' => '1502725207',
    'type' => 'text',
    'content' => 'http://wx.aiwangsports.com/app/index.php?i=2&c=entry&do=enroll&m=awt_enroll',
    'redirection' => true,
    'source' => 'VIEW',
  ),
)

2017-08-14 23:39:58 response :
------------

