2017-08-21 20:59:18 trace :
------------
String:
<xml><ToUserName><![CDATA[gh_272635033f26]]></ToUserName>
<FromUserName><![CDATA[oFxpOw3H2JJWmI5Nkh4MXgfJQClc]]></FromUserName>
<CreateTime>1503320369</CreateTime>
<MsgType><![CDATA[event]]></MsgType>
<Event><![CDATA[VIEW]]></Event>
<EventKey><![CDATA[http://wx.aiwangsports.com/app/index.php?i=2&c=entry&do=member&m=awt_enroll]]></EventKey>
<MenuId>465655273</MenuId>
</xml>

2017-08-21 20:59:18 params :
------------
String:
array (
  'rule' => -2,
  'module' => '',
  'message' => 
  array (
    'tousername' => 'gh_272635033f26',
    'fromusername' => 'oFxpOw3H2JJWmI5Nkh4MXgfJQClc',
    'createtime' => '1503320369',
    'msgtype' => 'event',
    'event' => 'VIEW',
    'eventkey' => 'http://wx.aiwangsports.com/app/index.php?i=2&c=entry&do=member&m=awt_enroll',
    'menuid' => '465655273',
    'from' => 'oFxpOw3H2JJWmI5Nkh4MXgfJQClc',
    'to' => 'gh_272635033f26',
    'time' => '1503320369',
    'type' => 'text',
    'content' => 'http://wx.aiwangsports.com/app/index.php?i=2&c=entry&do=member&m=awt_enroll',
    'redirection' => true,
    'source' => 'VIEW',
  ),
)

2017-08-21 20:59:18 response :
------------

2017-08-21 21:00:00 trace :
------------
String:
<xml><ToUserName><![CDATA[gh_272635033f26]]></ToUserName>
<FromUserName><![CDATA[oFxpOw3H2JJWmI5Nkh4MXgfJQClc]]></FromUserName>
<CreateTime>1503320410</CreateTime>
<MsgType><![CDATA[event]]></MsgType>
<Event><![CDATA[VIEW]]></Event>
<EventKey><![CDATA[http://wx.aiwangsports.com/app/index.php?i=2&c=entry&do=ranking&m=awt_enroll]]></EventKey>
<MenuId>465655273</MenuId>
</xml>

2017-08-21 21:00:00 params :
------------
String:
array (
  'rule' => -2,
  'module' => '',
  'message' => 
  array (
    'tousername' => 'gh_272635033f26',
    'fromusername' => 'oFxpOw3H2JJWmI5Nkh4MXgfJQClc',
    'createtime' => '1503320410',
    'msgtype' => 'event',
    'event' => 'VIEW',
    'eventkey' => 'http://wx.aiwangsports.com/app/index.php?i=2&c=entry&do=ranking&m=awt_enroll',
    'menuid' => '465655273',
    'from' => 'oFxpOw3H2JJWmI5Nkh4MXgfJQClc',
    'to' => 'gh_272635033f26',
    'time' => '1503320410',
    'type' => 'text',
    'content' => 'http://wx.aiwangsports.com/app/index.php?i=2&c=entry&do=ranking&m=awt_enroll',
    'redirection' => true,
    'source' => 'VIEW',
  ),
)

2017-08-21 21:00:00 response :
------------

2017-08-21 21:00:07 trace :
------------
String:
<xml><ToUserName><![CDATA[gh_272635033f26]]></ToUserName>
<FromUserName><![CDATA[oFxpOw3H2JJWmI5Nkh4MXgfJQClc]]></FromUserName>
<CreateTime>1503320417</CreateTime>
<MsgType><![CDATA[event]]></MsgType>
<Event><![CDATA[VIEW]]></Event>
<EventKey><![CDATA[http://wx.aiwangsports.com/app/index.php?i=2&c=entry&do=enroll&m=awt_enroll]]></EventKey>
<MenuId>465655273</MenuId>
</xml>

2017-08-21 21:00:07 params :
------------
String:
array (
  'rule' => -2,
  'module' => '',
  'message' => 
  array (
    'tousername' => 'gh_272635033f26',
    'fromusername' => 'oFxpOw3H2JJWmI5Nkh4MXgfJQClc',
    'createtime' => '1503320417',
    'msgtype' => 'event',
    'event' => 'VIEW',
    'eventkey' => 'http://wx.aiwangsports.com/app/index.php?i=2&c=entry&do=enroll&m=awt_enroll',
    'menuid' => '465655273',
    'from' => 'oFxpOw3H2JJWmI5Nkh4MXgfJQClc',
    'to' => 'gh_272635033f26',
    'time' => '1503320417',
    'type' => 'text',
    'content' => 'http://wx.aiwangsports.com/app/index.php?i=2&c=entry&do=enroll&m=awt_enroll',
    'redirection' => true,
    'source' => 'VIEW',
  ),
)

2017-08-21 21:00:07 response :
------------

2017-08-21 21:00:27 trace :
------------
String:
<xml><ToUserName><![CDATA[gh_272635033f26]]></ToUserName>
<FromUserName><![CDATA[oFxpOw3H2JJWmI5Nkh4MXgfJQClc]]></FromUserName>
<CreateTime>1503320438</CreateTime>
<MsgType><![CDATA[event]]></MsgType>
<Event><![CDATA[VIEW]]></Event>
<EventKey><![CDATA[http://wx.aiwangsports.com/app/index.php?i=2&c=entry&p=detail&id=2&do=aboutus&m=awt_enroll]]></EventKey>
<MenuId>465655273</MenuId>
</xml>

2017-08-21 21:00:27 params :
------------
String:
array (
  'rule' => -2,
  'module' => '',
  'message' => 
  array (
    'tousername' => 'gh_272635033f26',
    'fromusername' => 'oFxpOw3H2JJWmI5Nkh4MXgfJQClc',
    'createtime' => '1503320438',
    'msgtype' => 'event',
    'event' => 'VIEW',
    'eventkey' => 'http://wx.aiwangsports.com/app/index.php?i=2&c=entry&p=detail&id=2&do=aboutus&m=awt_enroll',
    'menuid' => '465655273',
    'from' => 'oFxpOw3H2JJWmI5Nkh4MXgfJQClc',
    'to' => 'gh_272635033f26',
    'time' => '1503320438',
    'type' => 'text',
    'content' => 'http://wx.aiwangsports.com/app/index.php?i=2&c=entry&p=detail&id=2&do=aboutus&m=awt_enroll',
    'redirection' => true,
    'source' => 'VIEW',
  ),
)

2017-08-21 21:00:27 response :
------------

2017-08-21 21:00:35 trace :
------------
String:
<xml><ToUserName><![CDATA[gh_272635033f26]]></ToUserName>
<FromUserName><![CDATA[oFxpOw3H2JJWmI5Nkh4MXgfJQClc]]></FromUserName>
<CreateTime>1503320445</CreateTime>
<MsgType><![CDATA[event]]></MsgType>
<Event><![CDATA[VIEW]]></Event>
<EventKey><![CDATA[http://wx.aiwangsports.com/app/index.php?i=2&c=entry&p=detail&id=1&do=aboutus&m=awt_enroll]]></EventKey>
<MenuId>465655273</MenuId>
</xml>

2017-08-21 21:00:35 params :
------------
String:
array (
  'rule' => -2,
  'module' => '',
  'message' => 
  array (
    'tousername' => 'gh_272635033f26',
    'fromusername' => 'oFxpOw3H2JJWmI5Nkh4MXgfJQClc',
    'createtime' => '1503320445',
    'msgtype' => 'event',
    'event' => 'VIEW',
    'eventkey' => 'http://wx.aiwangsports.com/app/index.php?i=2&c=entry&p=detail&id=1&do=aboutus&m=awt_enroll',
    'menuid' => '465655273',
    'from' => 'oFxpOw3H2JJWmI5Nkh4MXgfJQClc',
    'to' => 'gh_272635033f26',
    'time' => '1503320445',
    'type' => 'text',
    'content' => 'http://wx.aiwangsports.com/app/index.php?i=2&c=entry&p=detail&id=1&do=aboutus&m=awt_enroll',
    'redirection' => true,
    'source' => 'VIEW',
  ),
)

2017-08-21 21:00:35 response :
------------

