2017-10-27 09:08:02 trace :
------------
String:
<xml><ToUserName><![CDATA[gh_272635033f26]]></ToUserName>
<FromUserName><![CDATA[oFxpOw2iE_7GJgL3R0pyQee9-n2c]]></FromUserName>
<CreateTime>1509066507</CreateTime>
<MsgType><![CDATA[event]]></MsgType>
<Event><![CDATA[VIEW]]></Event>
<EventKey><![CDATA[http://wx.aiwangsports.com/app/index.php?i=2&c=entry&do=member&m=awt_enroll]]></EventKey>
<MenuId>465655273</MenuId>
</xml>

2017-10-27 09:08:02 params :
------------
String:
array (
  'rule' => -2,
  'module' => '',
  'message' => 
  array (
    'tousername' => 'gh_272635033f26',
    'fromusername' => 'oFxpOw2iE_7GJgL3R0pyQee9-n2c',
    'createtime' => '1509066507',
    'msgtype' => 'event',
    'event' => 'VIEW',
    'eventkey' => 'http://wx.aiwangsports.com/app/index.php?i=2&c=entry&do=member&m=awt_enroll',
    'menuid' => '465655273',
    'from' => 'oFxpOw2iE_7GJgL3R0pyQee9-n2c',
    'to' => 'gh_272635033f26',
    'time' => '1509066507',
    'type' => 'text',
    'content' => 'http://wx.aiwangsports.com/app/index.php?i=2&c=entry&do=member&m=awt_enroll',
    'redirection' => true,
    'source' => 'VIEW',
  ),
)

2017-10-27 09:08:02 response :
------------

2017-10-27 09:14:52 trace :
------------
String:
<xml><ToUserName><![CDATA[gh_272635033f26]]></ToUserName>
<FromUserName><![CDATA[oFxpOw3R49KGCiIgl_l694OWGx50]]></FromUserName>
<CreateTime>1509066917</CreateTime>
<MsgType><![CDATA[event]]></MsgType>
<Event><![CDATA[VIEW]]></Event>
<EventKey><![CDATA[http://wx.aiwangsports.com/app/index.php?i=2&c=entry&p=detail&id=1&do=aboutus&m=awt_enroll]]></EventKey>
<MenuId>465655273</MenuId>
</xml>

2017-10-27 09:14:52 params :
------------
String:
array (
  'rule' => -2,
  'module' => '',
  'message' => 
  array (
    'tousername' => 'gh_272635033f26',
    'fromusername' => 'oFxpOw3R49KGCiIgl_l694OWGx50',
    'createtime' => '1509066917',
    'msgtype' => 'event',
    'event' => 'VIEW',
    'eventkey' => 'http://wx.aiwangsports.com/app/index.php?i=2&c=entry&p=detail&id=1&do=aboutus&m=awt_enroll',
    'menuid' => '465655273',
    'from' => 'oFxpOw3R49KGCiIgl_l694OWGx50',
    'to' => 'gh_272635033f26',
    'time' => '1509066917',
    'type' => 'text',
    'content' => 'http://wx.aiwangsports.com/app/index.php?i=2&c=entry&p=detail&id=1&do=aboutus&m=awt_enroll',
    'redirection' => true,
    'source' => 'VIEW',
  ),
)

2017-10-27 09:14:52 response :
------------

2017-10-27 09:15:00 trace :
------------
String:
<xml><ToUserName><![CDATA[gh_272635033f26]]></ToUserName>
<FromUserName><![CDATA[oFxpOw3R49KGCiIgl_l694OWGx50]]></FromUserName>
<CreateTime>1509066925</CreateTime>
<MsgType><![CDATA[event]]></MsgType>
<Event><![CDATA[VIEW]]></Event>
<EventKey><![CDATA[http://wx.aiwangsports.com/app/index.php?i=2&c=entry&do=ranking&m=awt_enroll]]></EventKey>
<MenuId>465655273</MenuId>
</xml>

2017-10-27 09:15:00 params :
------------
String:
array (
  'rule' => -2,
  'module' => '',
  'message' => 
  array (
    'tousername' => 'gh_272635033f26',
    'fromusername' => 'oFxpOw3R49KGCiIgl_l694OWGx50',
    'createtime' => '1509066925',
    'msgtype' => 'event',
    'event' => 'VIEW',
    'eventkey' => 'http://wx.aiwangsports.com/app/index.php?i=2&c=entry&do=ranking&m=awt_enroll',
    'menuid' => '465655273',
    'from' => 'oFxpOw3R49KGCiIgl_l694OWGx50',
    'to' => 'gh_272635033f26',
    'time' => '1509066925',
    'type' => 'text',
    'content' => 'http://wx.aiwangsports.com/app/index.php?i=2&c=entry&do=ranking&m=awt_enroll',
    'redirection' => true,
    'source' => 'VIEW',
  ),
)

2017-10-27 09:15:00 response :
------------

2017-10-27 09:15:13 trace :
------------
String:
<xml><ToUserName><![CDATA[gh_272635033f26]]></ToUserName>
<FromUserName><![CDATA[oFxpOw3R49KGCiIgl_l694OWGx50]]></FromUserName>
<CreateTime>1509066938</CreateTime>
<MsgType><![CDATA[event]]></MsgType>
<Event><![CDATA[VIEW]]></Event>
<EventKey><![CDATA[http://wx.aiwangsports.com/app/index.php?i=2&c=entry&do=enroll&m=awt_enroll]]></EventKey>
<MenuId>465655273</MenuId>
</xml>

2017-10-27 09:15:13 params :
------------
String:
array (
  'rule' => -2,
  'module' => '',
  'message' => 
  array (
    'tousername' => 'gh_272635033f26',
    'fromusername' => 'oFxpOw3R49KGCiIgl_l694OWGx50',
    'createtime' => '1509066938',
    'msgtype' => 'event',
    'event' => 'VIEW',
    'eventkey' => 'http://wx.aiwangsports.com/app/index.php?i=2&c=entry&do=enroll&m=awt_enroll',
    'menuid' => '465655273',
    'from' => 'oFxpOw3R49KGCiIgl_l694OWGx50',
    'to' => 'gh_272635033f26',
    'time' => '1509066938',
    'type' => 'text',
    'content' => 'http://wx.aiwangsports.com/app/index.php?i=2&c=entry&do=enroll&m=awt_enroll',
    'redirection' => true,
    'source' => 'VIEW',
  ),
)

2017-10-27 09:15:13 response :
------------

2017-10-27 09:15:47 trace :
------------
String:
<xml><ToUserName><![CDATA[gh_272635033f26]]></ToUserName>
<FromUserName><![CDATA[oFxpOw3R49KGCiIgl_l694OWGx50]]></FromUserName>
<CreateTime>1509066972</CreateTime>
<MsgType><![CDATA[event]]></MsgType>
<Event><![CDATA[VIEW]]></Event>
<EventKey><![CDATA[http://wx.aiwangsports.com/app/index.php?i=2&c=entry&do=enroll&m=awt_enroll]]></EventKey>
<MenuId>465655273</MenuId>
</xml>

2017-10-27 09:15:47 params :
------------
String:
array (
  'rule' => -2,
  'module' => '',
  'message' => 
  array (
    'tousername' => 'gh_272635033f26',
    'fromusername' => 'oFxpOw3R49KGCiIgl_l694OWGx50',
    'createtime' => '1509066972',
    'msgtype' => 'event',
    'event' => 'VIEW',
    'eventkey' => 'http://wx.aiwangsports.com/app/index.php?i=2&c=entry&do=enroll&m=awt_enroll',
    'menuid' => '465655273',
    'from' => 'oFxpOw3R49KGCiIgl_l694OWGx50',
    'to' => 'gh_272635033f26',
    'time' => '1509066972',
    'type' => 'text',
    'content' => 'http://wx.aiwangsports.com/app/index.php?i=2&c=entry&do=enroll&m=awt_enroll',
    'redirection' => true,
    'source' => 'VIEW',
  ),
)

2017-10-27 09:15:47 response :
------------

2017-10-27 09:15:55 trace :
------------
String:
<xml><ToUserName><![CDATA[gh_272635033f26]]></ToUserName>
<FromUserName><![CDATA[oFxpOw3R49KGCiIgl_l694OWGx50]]></FromUserName>
<CreateTime>1509066980</CreateTime>
<MsgType><![CDATA[event]]></MsgType>
<Event><![CDATA[VIEW]]></Event>
<EventKey><![CDATA[http://wx.aiwangsports.com/app/index.php?i=2&c=entry&do=member&m=awt_enroll]]></EventKey>
<MenuId>465655273</MenuId>
</xml>

2017-10-27 09:15:55 params :
------------
String:
array (
  'rule' => -2,
  'module' => '',
  'message' => 
  array (
    'tousername' => 'gh_272635033f26',
    'fromusername' => 'oFxpOw3R49KGCiIgl_l694OWGx50',
    'createtime' => '1509066980',
    'msgtype' => 'event',
    'event' => 'VIEW',
    'eventkey' => 'http://wx.aiwangsports.com/app/index.php?i=2&c=entry&do=member&m=awt_enroll',
    'menuid' => '465655273',
    'from' => 'oFxpOw3R49KGCiIgl_l694OWGx50',
    'to' => 'gh_272635033f26',
    'time' => '1509066980',
    'type' => 'text',
    'content' => 'http://wx.aiwangsports.com/app/index.php?i=2&c=entry&do=member&m=awt_enroll',
    'redirection' => true,
    'source' => 'VIEW',
  ),
)

2017-10-27 09:15:55 response :
------------

2017-10-27 09:19:01 trace :
------------
String:
<xml><ToUserName><![CDATA[gh_272635033f26]]></ToUserName>
<FromUserName><![CDATA[oFxpOw2iE_7GJgL3R0pyQee9-n2c]]></FromUserName>
<CreateTime>1509067166</CreateTime>
<MsgType><![CDATA[event]]></MsgType>
<Event><![CDATA[VIEW]]></Event>
<EventKey><![CDATA[http://wx.aiwangsports.com/app/index.php?i=2&c=entry&do=member&m=awt_enroll]]></EventKey>
<MenuId>465655273</MenuId>
</xml>

2017-10-27 09:19:01 params :
------------
String:
array (
  'rule' => -2,
  'module' => '',
  'message' => 
  array (
    'tousername' => 'gh_272635033f26',
    'fromusername' => 'oFxpOw2iE_7GJgL3R0pyQee9-n2c',
    'createtime' => '1509067166',
    'msgtype' => 'event',
    'event' => 'VIEW',
    'eventkey' => 'http://wx.aiwangsports.com/app/index.php?i=2&c=entry&do=member&m=awt_enroll',
    'menuid' => '465655273',
    'from' => 'oFxpOw2iE_7GJgL3R0pyQee9-n2c',
    'to' => 'gh_272635033f26',
    'time' => '1509067166',
    'type' => 'text',
    'content' => 'http://wx.aiwangsports.com/app/index.php?i=2&c=entry&do=member&m=awt_enroll',
    'redirection' => true,
    'source' => 'VIEW',
  ),
)

2017-10-27 09:19:01 response :
------------

2017-10-27 09:27:46 trace :
------------
String:
<xml><ToUserName><![CDATA[gh_272635033f26]]></ToUserName>
<FromUserName><![CDATA[oFxpOw0dBV1TlXBfUlGWKuGR8xHM]]></FromUserName>
<CreateTime>1509067691</CreateTime>
<MsgType><![CDATA[event]]></MsgType>
<Event><![CDATA[VIEW]]></Event>
<EventKey><![CDATA[http://wx.aiwangsports.com/app/index.php?i=2&c=entry&do=member&m=awt_enroll]]></EventKey>
<MenuId>465655273</MenuId>
</xml>

2017-10-27 09:27:46 params :
------------
String:
array (
  'rule' => -2,
  'module' => '',
  'message' => 
  array (
    'tousername' => 'gh_272635033f26',
    'fromusername' => 'oFxpOw0dBV1TlXBfUlGWKuGR8xHM',
    'createtime' => '1509067691',
    'msgtype' => 'event',
    'event' => 'VIEW',
    'eventkey' => 'http://wx.aiwangsports.com/app/index.php?i=2&c=entry&do=member&m=awt_enroll',
    'menuid' => '465655273',
    'from' => 'oFxpOw0dBV1TlXBfUlGWKuGR8xHM',
    'to' => 'gh_272635033f26',
    'time' => '1509067691',
    'type' => 'text',
    'content' => 'http://wx.aiwangsports.com/app/index.php?i=2&c=entry&do=member&m=awt_enroll',
    'redirection' => true,
    'source' => 'VIEW',
  ),
)

2017-10-27 09:27:46 response :
------------

2017-10-27 09:27:50 trace :
------------
String:
<xml><ToUserName><![CDATA[gh_272635033f26]]></ToUserName>
<FromUserName><![CDATA[oFxpOw0dBV1TlXBfUlGWKuGR8xHM]]></FromUserName>
<CreateTime>1509067695</CreateTime>
<MsgType><![CDATA[event]]></MsgType>
<Event><![CDATA[VIEW]]></Event>
<EventKey><![CDATA[http://wx.aiwangsports.com/app/index.php?i=2&c=entry&do=enroll&m=awt_enroll]]></EventKey>
<MenuId>465655273</MenuId>
</xml>

2017-10-27 09:27:50 params :
------------
String:
array (
  'rule' => -2,
  'module' => '',
  'message' => 
  array (
    'tousername' => 'gh_272635033f26',
    'fromusername' => 'oFxpOw0dBV1TlXBfUlGWKuGR8xHM',
    'createtime' => '1509067695',
    'msgtype' => 'event',
    'event' => 'VIEW',
    'eventkey' => 'http://wx.aiwangsports.com/app/index.php?i=2&c=entry&do=enroll&m=awt_enroll',
    'menuid' => '465655273',
    'from' => 'oFxpOw0dBV1TlXBfUlGWKuGR8xHM',
    'to' => 'gh_272635033f26',
    'time' => '1509067695',
    'type' => 'text',
    'content' => 'http://wx.aiwangsports.com/app/index.php?i=2&c=entry&do=enroll&m=awt_enroll',
    'redirection' => true,
    'source' => 'VIEW',
  ),
)

2017-10-27 09:27:50 response :
------------

2017-10-27 11:09:45 trace :
------------
String:
<xml><ToUserName><![CDATA[gh_272635033f26]]></ToUserName>
<FromUserName><![CDATA[oFxpOw0dBV1TlXBfUlGWKuGR8xHM]]></FromUserName>
<CreateTime>1509073810</CreateTime>
<MsgType><![CDATA[event]]></MsgType>
<Event><![CDATA[VIEW]]></Event>
<EventKey><![CDATA[http://wx.aiwangsports.com/app/index.php?i=2&c=entry&do=enroll&m=awt_enroll]]></EventKey>
<MenuId>465655273</MenuId>
</xml>

2017-10-27 11:09:45 params :
------------
String:
array (
  'rule' => -2,
  'module' => '',
  'message' => 
  array (
    'tousername' => 'gh_272635033f26',
    'fromusername' => 'oFxpOw0dBV1TlXBfUlGWKuGR8xHM',
    'createtime' => '1509073810',
    'msgtype' => 'event',
    'event' => 'VIEW',
    'eventkey' => 'http://wx.aiwangsports.com/app/index.php?i=2&c=entry&do=enroll&m=awt_enroll',
    'menuid' => '465655273',
    'from' => 'oFxpOw0dBV1TlXBfUlGWKuGR8xHM',
    'to' => 'gh_272635033f26',
    'time' => '1509073810',
    'type' => 'text',
    'content' => 'http://wx.aiwangsports.com/app/index.php?i=2&c=entry&do=enroll&m=awt_enroll',
    'redirection' => true,
    'source' => 'VIEW',
  ),
)

2017-10-27 11:09:45 response :
------------

2017-10-27 11:33:21 trace :
------------
String:
<xml><ToUserName><![CDATA[gh_272635033f26]]></ToUserName>
<FromUserName><![CDATA[oFxpOw0dBV1TlXBfUlGWKuGR8xHM]]></FromUserName>
<CreateTime>1509075226</CreateTime>
<MsgType><![CDATA[event]]></MsgType>
<Event><![CDATA[VIEW]]></Event>
<EventKey><![CDATA[http://wx.aiwangsports.com/app/index.php?i=2&c=entry&do=ranking&m=awt_enroll]]></EventKey>
<MenuId>465655273</MenuId>
</xml>

2017-10-27 11:33:21 params :
------------
String:
array (
  'rule' => -2,
  'module' => '',
  'message' => 
  array (
    'tousername' => 'gh_272635033f26',
    'fromusername' => 'oFxpOw0dBV1TlXBfUlGWKuGR8xHM',
    'createtime' => '1509075226',
    'msgtype' => 'event',
    'event' => 'VIEW',
    'eventkey' => 'http://wx.aiwangsports.com/app/index.php?i=2&c=entry&do=ranking&m=awt_enroll',
    'menuid' => '465655273',
    'from' => 'oFxpOw0dBV1TlXBfUlGWKuGR8xHM',
    'to' => 'gh_272635033f26',
    'time' => '1509075226',
    'type' => 'text',
    'content' => 'http://wx.aiwangsports.com/app/index.php?i=2&c=entry&do=ranking&m=awt_enroll',
    'redirection' => true,
    'source' => 'VIEW',
  ),
)

2017-10-27 11:33:21 response :
------------

2017-10-27 11:33:39 trace :
------------
String:
<xml><ToUserName><![CDATA[gh_272635033f26]]></ToUserName>
<FromUserName><![CDATA[oFxpOw0dBV1TlXBfUlGWKuGR8xHM]]></FromUserName>
<CreateTime>1509075244</CreateTime>
<MsgType><![CDATA[event]]></MsgType>
<Event><![CDATA[VIEW]]></Event>
<EventKey><![CDATA[http://wx.aiwangsports.com/app/index.php?i=2&c=entry&do=member&m=awt_enroll]]></EventKey>
<MenuId>465655273</MenuId>
</xml>

2017-10-27 11:33:39 params :
------------
String:
array (
  'rule' => -2,
  'module' => '',
  'message' => 
  array (
    'tousername' => 'gh_272635033f26',
    'fromusername' => 'oFxpOw0dBV1TlXBfUlGWKuGR8xHM',
    'createtime' => '1509075244',
    'msgtype' => 'event',
    'event' => 'VIEW',
    'eventkey' => 'http://wx.aiwangsports.com/app/index.php?i=2&c=entry&do=member&m=awt_enroll',
    'menuid' => '465655273',
    'from' => 'oFxpOw0dBV1TlXBfUlGWKuGR8xHM',
    'to' => 'gh_272635033f26',
    'time' => '1509075244',
    'type' => 'text',
    'content' => 'http://wx.aiwangsports.com/app/index.php?i=2&c=entry&do=member&m=awt_enroll',
    'redirection' => true,
    'source' => 'VIEW',
  ),
)

2017-10-27 11:33:39 response :
------------

2017-10-27 12:30:43 trace :
------------
String:
<xml><ToUserName><![CDATA[gh_272635033f26]]></ToUserName>
<FromUserName><![CDATA[oFxpOw3H2JJWmI5Nkh4MXgfJQClc]]></FromUserName>
<CreateTime>1509078668</CreateTime>
<MsgType><![CDATA[event]]></MsgType>
<Event><![CDATA[VIEW]]></Event>
<EventKey><![CDATA[http://wx.aiwangsports.com/app/index.php?i=2&c=entry&do=member&m=awt_enroll]]></EventKey>
<MenuId>465655273</MenuId>
</xml>

2017-10-27 12:30:43 params :
------------
String:
array (
  'rule' => -2,
  'module' => '',
  'message' => 
  array (
    'tousername' => 'gh_272635033f26',
    'fromusername' => 'oFxpOw3H2JJWmI5Nkh4MXgfJQClc',
    'createtime' => '1509078668',
    'msgtype' => 'event',
    'event' => 'VIEW',
    'eventkey' => 'http://wx.aiwangsports.com/app/index.php?i=2&c=entry&do=member&m=awt_enroll',
    'menuid' => '465655273',
    'from' => 'oFxpOw3H2JJWmI5Nkh4MXgfJQClc',
    'to' => 'gh_272635033f26',
    'time' => '1509078668',
    'type' => 'text',
    'content' => 'http://wx.aiwangsports.com/app/index.php?i=2&c=entry&do=member&m=awt_enroll',
    'redirection' => true,
    'source' => 'VIEW',
  ),
)

2017-10-27 12:30:43 response :
------------

2017-10-27 12:30:53 trace :
------------
String:
<xml><ToUserName><![CDATA[gh_272635033f26]]></ToUserName>
<FromUserName><![CDATA[oFxpOw3H2JJWmI5Nkh4MXgfJQClc]]></FromUserName>
<CreateTime>1509078678</CreateTime>
<MsgType><![CDATA[event]]></MsgType>
<Event><![CDATA[VIEW]]></Event>
<EventKey><![CDATA[http://wx.aiwangsports.com/app/index.php?i=2&c=entry&do=enroll&m=awt_enroll]]></EventKey>
<MenuId>465655273</MenuId>
</xml>

2017-10-27 12:30:53 params :
------------
String:
array (
  'rule' => -2,
  'module' => '',
  'message' => 
  array (
    'tousername' => 'gh_272635033f26',
    'fromusername' => 'oFxpOw3H2JJWmI5Nkh4MXgfJQClc',
    'createtime' => '1509078678',
    'msgtype' => 'event',
    'event' => 'VIEW',
    'eventkey' => 'http://wx.aiwangsports.com/app/index.php?i=2&c=entry&do=enroll&m=awt_enroll',
    'menuid' => '465655273',
    'from' => 'oFxpOw3H2JJWmI5Nkh4MXgfJQClc',
    'to' => 'gh_272635033f26',
    'time' => '1509078678',
    'type' => 'text',
    'content' => 'http://wx.aiwangsports.com/app/index.php?i=2&c=entry&do=enroll&m=awt_enroll',
    'redirection' => true,
    'source' => 'VIEW',
  ),
)

2017-10-27 12:30:53 response :
------------

2017-10-27 12:31:12 trace :
------------
String:
<xml><ToUserName><![CDATA[gh_272635033f26]]></ToUserName>
<FromUserName><![CDATA[oFxpOw3H2JJWmI5Nkh4MXgfJQClc]]></FromUserName>
<CreateTime>1509078697</CreateTime>
<MsgType><![CDATA[event]]></MsgType>
<Event><![CDATA[VIEW]]></Event>
<EventKey><![CDATA[http://wx.aiwangsports.com/app/index.php?i=2&c=entry&do=enroll&m=awt_enroll]]></EventKey>
<MenuId>465655273</MenuId>
</xml>

2017-10-27 12:31:12 params :
------------
String:
array (
  'rule' => -2,
  'module' => '',
  'message' => 
  array (
    'tousername' => 'gh_272635033f26',
    'fromusername' => 'oFxpOw3H2JJWmI5Nkh4MXgfJQClc',
    'createtime' => '1509078697',
    'msgtype' => 'event',
    'event' => 'VIEW',
    'eventkey' => 'http://wx.aiwangsports.com/app/index.php?i=2&c=entry&do=enroll&m=awt_enroll',
    'menuid' => '465655273',
    'from' => 'oFxpOw3H2JJWmI5Nkh4MXgfJQClc',
    'to' => 'gh_272635033f26',
    'time' => '1509078697',
    'type' => 'text',
    'content' => 'http://wx.aiwangsports.com/app/index.php?i=2&c=entry&do=enroll&m=awt_enroll',
    'redirection' => true,
    'source' => 'VIEW',
  ),
)

2017-10-27 12:31:12 response :
------------

