2018-02-12 08:47:27 trace :
------------
String:
<xml><ToUserName><![CDATA[gh_272635033f26]]></ToUserName>
<FromUserName><![CDATA[oFxpOw3H2JJWmI5Nkh4MXgfJQClc]]></FromUserName>
<CreateTime>1518396509</CreateTime>
<MsgType><![CDATA[event]]></MsgType>
<Event><![CDATA[VIEW]]></Event>
<EventKey><![CDATA[http://wx.aiwangsports.com/app/index.php?i=2&c=entry&do=member&m=awt_enroll]]></EventKey>
<MenuId>465655273</MenuId>
</xml>

2018-02-12 08:47:27 params :
------------
String:
array (
  'rule' => -2,
  'module' => '',
  'message' => 
  array (
    'tousername' => 'gh_272635033f26',
    'fromusername' => 'oFxpOw3H2JJWmI5Nkh4MXgfJQClc',
    'createtime' => '1518396509',
    'msgtype' => 'event',
    'event' => 'VIEW',
    'eventkey' => 'http://wx.aiwangsports.com/app/index.php?i=2&c=entry&do=member&m=awt_enroll',
    'menuid' => '465655273',
    'from' => 'oFxpOw3H2JJWmI5Nkh4MXgfJQClc',
    'to' => 'gh_272635033f26',
    'time' => '1518396509',
    'type' => 'text',
    'content' => 'http://wx.aiwangsports.com/app/index.php?i=2&c=entry&do=member&m=awt_enroll',
    'redirection' => true,
    'source' => 'VIEW',
  ),
)

2018-02-12 08:47:27 response :
------------

2018-02-12 08:47:34 trace :
------------
String:
<xml><ToUserName><![CDATA[gh_272635033f26]]></ToUserName>
<FromUserName><![CDATA[oFxpOw3H2JJWmI5Nkh4MXgfJQClc]]></FromUserName>
<CreateTime>1518396515</CreateTime>
<MsgType><![CDATA[event]]></MsgType>
<Event><![CDATA[VIEW]]></Event>
<EventKey><![CDATA[http://wx.aiwangsports.com/app/index.php?i=2&c=entry&do=member&m=awt_enroll]]></EventKey>
<MenuId>465655273</MenuId>
</xml>

2018-02-12 08:47:34 params :
------------
String:
array (
  'rule' => -2,
  'module' => '',
  'message' => 
  array (
    'tousername' => 'gh_272635033f26',
    'fromusername' => 'oFxpOw3H2JJWmI5Nkh4MXgfJQClc',
    'createtime' => '1518396515',
    'msgtype' => 'event',
    'event' => 'VIEW',
    'eventkey' => 'http://wx.aiwangsports.com/app/index.php?i=2&c=entry&do=member&m=awt_enroll',
    'menuid' => '465655273',
    'from' => 'oFxpOw3H2JJWmI5Nkh4MXgfJQClc',
    'to' => 'gh_272635033f26',
    'time' => '1518396515',
    'type' => 'text',
    'content' => 'http://wx.aiwangsports.com/app/index.php?i=2&c=entry&do=member&m=awt_enroll',
    'redirection' => true,
    'source' => 'VIEW',
  ),
)

2018-02-12 08:47:34 response :
------------

2018-02-12 08:47:42 trace :
------------
String:
<xml><ToUserName><![CDATA[gh_272635033f26]]></ToUserName>
<FromUserName><![CDATA[oFxpOw3H2JJWmI5Nkh4MXgfJQClc]]></FromUserName>
<CreateTime>1518396523</CreateTime>
<MsgType><![CDATA[event]]></MsgType>
<Event><![CDATA[VIEW]]></Event>
<EventKey><![CDATA[http://wx.aiwangsports.com/app/index.php?i=2&c=entry&do=member&m=awt_enroll]]></EventKey>
<MenuId>465655273</MenuId>
</xml>

2018-02-12 08:47:42 params :
------------
String:
array (
  'rule' => -2,
  'module' => '',
  'message' => 
  array (
    'tousername' => 'gh_272635033f26',
    'fromusername' => 'oFxpOw3H2JJWmI5Nkh4MXgfJQClc',
    'createtime' => '1518396523',
    'msgtype' => 'event',
    'event' => 'VIEW',
    'eventkey' => 'http://wx.aiwangsports.com/app/index.php?i=2&c=entry&do=member&m=awt_enroll',
    'menuid' => '465655273',
    'from' => 'oFxpOw3H2JJWmI5Nkh4MXgfJQClc',
    'to' => 'gh_272635033f26',
    'time' => '1518396523',
    'type' => 'text',
    'content' => 'http://wx.aiwangsports.com/app/index.php?i=2&c=entry&do=member&m=awt_enroll',
    'redirection' => true,
    'source' => 'VIEW',
  ),
)

2018-02-12 08:47:42 response :
------------

