2017-11-01 14:35:25:
------------
String:
Begin--------->
 member: array (
  'id' => '2',
  'uniacid' => '2',
  'uid' => '7',
  'groupid' => '0',
  'level' => '0',
  'openid' => 'oFxpOw3R49KGCiIgl_l694OWGx50',
  'realname' => '',
  'mobile' => '',
  'pwd' => '',
  'weixin' => '',
  'createtime' => '1502813295',
  'status' => '0',
  'nickname' => 'CF任帅',
  'credit1' => '0',
  'credit2' => '0.00',
  'birthyear' => '',
  'birthmonth' => '',
  'birthday' => '',
  'gender' => '1',
  'avatar' => 'http://wx.qlogo.cn/mmopen/ajNVdqHZLLBSfZib7icunbAiasvbpar4omnZ1wlG8GEXlMXFrdyAzdIseVWGc8nXbO8z14p1qgLRLTYKicqEhlm2rA/132',
  'province' => '上海',
  'city' => '',
  'area' => '',
)

2017-11-01 14:35:25:
------------
String:
activity: array (
  'id' => '4',
  'uniacid' => '2',
  'title' => '2017年11月1日万体双打比赛',
  'headimg' => 'images/2/2017/10/p7XJlJXMzL7x7bJO7qnWlVbmmq4INw.jpg',
  'cid' => '3',
  'sign_stime' => '1509066000',
  'sign_etime' => '1509523200',
  'activity_stime' => '1509534000',
  'activity_locktime' => '-28800',
  'location' => '万体馆室外网球场，2片场地',
  'rule' => '',
  'com_nums' => '4',
  'fee' => '40.00',
  'qualification' => '0',
  'quali_stime' => '1509005580',
  'quali_etime' => '1509005580',
  'attend_groups' => 's:0:"";',
  'challenger_num' => '0',
  'new_first' => '0',
  'is_show' => '1',
  'displayorder' => '0',
  'judgeopenid' => '',
  'createtime' => '1509005939',
  'updatetime' => '1509088042',
)

