2017-10-24 10:50:25:
------------
String:
startTime: 0.21160400 1508813425

2017-10-24 10:51:28:
------------
String:
startTime: 0.59283000 1508813488

2017-10-24 10:51:32:
------------
String:
startTime: 0.92097600 1508813492

2017-10-24 10:53:03:
------------
String:
startTime: 0.24988800 1508813583

2017-10-24 10:53:03:
------------
String:
file locked

2017-10-24 10:53:21:
------------
String:
startTime: 0.32071200 1508813601

2017-10-24 10:53:21:
------------
String:
file locked

2017-10-24 10:55:56:
------------
String:
startTime: 0.87978400 1508813756

2017-10-24 10:56:43:
------------
String:
startTime: 0.12062400 1508813803

2017-10-24 10:57:43:
------------
String:
startTime: 0.36956300 1508813863

2017-10-24 11:03:11:
------------
String:
startTime: 0.73071400 1508814191

2017-10-24 11:04:30:
------------
String:
startTime: 0.74351000 1508814270

2017-10-24 11:11:21:
------------
String:
startTime: 0.13547100 1508814681

2017-10-24 11:11:27:
------------
String:
startTime: 0.83876700 1508814687

2017-10-24 11:13:17:
------------
String:
startTime: 0.70376600 1508814797

2017-10-24 11:15:13:
------------
String:
startTime: 0.63279300 1508814913

2017-10-24 11:15:51:
------------
String:
startTime: 0.32312100 1508814951

2017-10-24 11:15:54:
------------
String:
startTime: 0.68034500 1508814954

2017-10-24 11:15:54:
------------
String:
file locked

2017-10-24 11:16:25:
------------
String:
startTime: 0.97685600 1508814985

2017-10-24 11:16:29:
------------
String:
startTime: 0.94074700 1508814989

2017-10-24 11:16:29:
------------
String:
file locked

2017-10-24 11:22:56:
------------
String:
startTime: 0.58125400 1508815376

2017-10-24 11:23:00:
------------
String:
startTime: 0.98884100 1508815380

2017-10-24 11:23:33:
------------
String:
startTime: 0.97290300 1508815413

2017-10-24 11:24:09:
------------
String:
startTime: 0.60503800 1508815449

2017-10-24 11:24:12:
------------
String:
startTime: 0.92293400 1508815452

2017-10-24 11:24:12:
------------
String:
file locked

